<?xml version="1.0" encoding="UTF-8" ?>
<testsuite tests="1" failures="0" name="com.example.mongodb.MongoDBParallelSourceExampleTest" time="0.066" errors="0" skipped="1">
  <properties>
    <property name="idea.version" value="2024.1.4"/>
    <property name="java.runtime.name" value="Java(TM) SE Runtime Environment"/>
    <property name="sun.boot.library.path" value="D:\Java8\jre\bin"/>
    <property name="java.vm.version" value="25.361-b09"/>
    <property name="java.vm.vendor" value="Oracle Corporation"/>
    <property name="maven.multiModuleProjectDirectory" value="D:\projects\cdc-example\flink-cdc"/>
    <property name="java.vendor.url" value="http://java.oracle.com/"/>
    <property name="path.separator" value=";"/>
    <property name="guice.disable.misplaced.annotation.check" value="true"/>
    <property name="java.vm.name" value="Java HotSpot(TM) 64-Bit Server VM"/>
    <property name="file.encoding.pkg" value="sun.io"/>
    <property name="user.script" value=""/>
    <property name="user.country" value="CN"/>
    <property name="sun.java.launcher" value="SUN_STANDARD"/>
    <property name="sun.os.patch.level" value=""/>
    <property name="java.vm.specification.name" value="Java Virtual Machine Specification"/>
    <property name="user.dir" value="D:\projects\cdc-example\flink-cdc"/>
    <property name="java.runtime.version" value="1.8.0_361-b09"/>
    <property name="java.awt.graphicsenv" value="sun.awt.Win32GraphicsEnvironment"/>
    <property name="java.endorsed.dirs" value="D:\Java8\jre\lib\endorsed"/>
    <property name="os.arch" value="amd64"/>
    <property name="java.io.tmpdir" value="C:\Users\hjr\AppData\Local\Temp\"/>
    <property name="line.separator" value="
"/>
    <property name="java.vm.specification.vendor" value="Oracle Corporation"/>
    <property name="user.variant" value=""/>
    <property name="os.name" value="Windows 10"/>
    <property name="maven.ext.class.path" value="D:\IDEA\IntelliJ IDEA 2024.1.4\plugins\maven\lib\maven-event-listener.jar"/>
    <property name="classworlds.conf" value="D:\apache-maven-3.8.6\bin\m2.conf"/>
    <property name="sun.jnu.encoding" value="GBK"/>
    <property name="java.library.path" value="D:\Java8\bin;C:\windows\Sun\Java\bin;C:\windows\system32;C:\windows;C:\Users\hjr\.nvmd\bin;C:\Program Files (x86)\Common Files\Oracle\Java\javapath;C:\windows\system32;C:\windows;C:\windows\System32\Wbem;C:\windows\System32\WindowsPowerShell\v1.0\;C:\windows\System32\OpenSSH\;D:\Java8\bin;D:\apache-maven-3.8.6\bin;D:\Git\cmd;C:\Program Files\Docker\Docker\resources\bin;C:\Users\hjr\AppData\Local\Microsoft\WindowsApps;c:\program files\esafenet\cobra docguard client;C:\VS Code\bin;C:\Users\hjr\AppData\Local\Microsoft\WinGet\Links;D:\Flink-1.16.3\bin;C:\Users\hjr\AppData\Local\Microsoft\WindowsApps;;c:\program files\esafenet\cobra docguard client;C:\VS Code\bin;C:\Users\hjr\AppData\Local\Microsoft\WinGet\Links;;."/>
    <property name="jansi.passthrough" value="true"/>
    <property name="maven.conf" value="D:\apache-maven-3.8.6/conf"/>
    <property name="java.specification.name" value="Java Platform API Specification"/>
    <property name="java.class.version" value="52.0"/>
    <property name="sun.management.compiler" value="HotSpot 64-Bit Tiered Compilers"/>
    <property name="maven.repo.local" value="D:\mavenRepository"/>
    <property name="os.version" value="10.0"/>
    <property name="user.home" value="C:\Users\hjr"/>
    <property name="user.timezone" value="Asia/Shanghai"/>
    <property name="java.awt.printerjob" value="sun.awt.windows.WPrinterJob"/>
    <property name="java.specification.version" value="1.8"/>
    <property name="file.encoding" value="UTF-8"/>
    <property name="user.name" value="hjr"/>
    <property name="java.class.path" value="D:\apache-maven-3.8.6\boot\plexus-classworlds-2.6.0.jar;D:\apache-maven-3.8.6\boot\plexus-classworlds.license;D:\IDEA\IntelliJ IDEA 2024.1.4\lib\idea_rt.jar"/>
    <property name="java.vm.specification.version" value="1.8"/>
    <property name="sun.arch.data.model" value="64"/>
    <property name="java.home" value="D:\Java8\jre"/>
    <property name="sun.java.command" value="org.codehaus.classworlds.Launcher -Didea.version=2024.1.4 -s D:\apache-maven-3.8.6\conf\settings.xml -Dmaven.repo.local=D:\mavenRepository package"/>
    <property name="java.specification.vendor" value="Oracle Corporation"/>
    <property name="user.language" value="zh"/>
    <property name="awt.toolkit" value="sun.awt.windows.WToolkit"/>
    <property name="java.vm.info" value="mixed mode"/>
    <property name="java.version" value="1.8.0_361"/>
    <property name="java.ext.dirs" value="D:\Java8\jre\lib\ext;C:\windows\Sun\Java\lib\ext"/>
    <property name="sun.boot.class.path" value="D:\Java8\jre\lib\resources.jar;D:\Java8\jre\lib\rt.jar;D:\Java8\jre\lib\jsse.jar;D:\Java8\jre\lib\jce.jar;D:\Java8\jre\lib\charsets.jar;D:\Java8\jre\lib\jfr.jar;D:\Java8\jre\classes"/>
    <property name="java.vendor" value="Oracle Corporation"/>
    <property name="java.specification.maintenance.version" value="4"/>
    <property name="maven.home" value="D:\apache-maven-3.8.6"/>
    <property name="file.separator" value="\"/>
    <property name="java.vendor.url.bug" value="http://bugreport.sun.com/bugreport/"/>
    <property name="sun.cpu.endian" value="little"/>
    <property name="sun.io.unicode.encoding" value="UnicodeLittle"/>
    <property name="sun.desktop" value="windows"/>
    <property name="sun.cpu.isalist" value="amd64"/>
  </properties>
  <testcase classname="com.example.mongodb.MongoDBParallelSourceExampleTest" name="testMongoDBExampleSource" time="0.066">
    <skipped message="Test ignored because it won&apos;t stop and is used for manual test"/>
  </testcase>
</testsuite>